<?xml version="1.0" encoding="UTF-8"?>
<testng-results ignored="0" total="7" passed="0" failed="1" skipped="6">
  <reporter-output>
  </reporter-output>
  <suite started-at="2025-04-16T19:52:04 IST" name="Default suite" finished-at="2025-04-16T19:52:14 IST" duration-ms="9741">
    <groups>
    </groups>
    <test started-at="2025-04-16T19:52:04 IST" name="Default test" finished-at="2025-04-16T19:52:14 IST" duration-ms="9741">
      <class name="TripPackageAutomation.Implementation">
        <test-method is-config="true" signature="getDriver()[pri:0, instance:TripPackageAutomation.Implementation@42a48628]" started-at="2025-04-16T19:52:04 IST" name="getDriver" finished-at="2025-04-16T19:52:09 IST" duration-ms="5362" status="PASS">
          <reporter-output>
          </reporter-output>
        </test-method> <!-- getDriver -->
        <test-method signature="clickOffers()[pri:1, instance:TripPackageAutomation.Implementation@42a48628]" started-at="2025-04-16T19:52:09 IST" name="clickOffers" finished-at="2025-04-16T19:52:11 IST" duration-ms="2044" status="FAIL">
          <exception class="org.openqa.selenium.NoSuchElementException">
            <message>
              <![CDATA[no such element: Unable to locate element: {"method":"xpath","selector":"//div[text()='View all offers']"}
  (Session info: chrome=134.0.6998.36)
For documentation on this error, please visit: https://www.selenium.dev/documentation/webdriver/troubleshooting/errors#no-such-element-exception
Build info: version: '4.28.1', revision: '73f5ad48a2'
System info: os.name: 'Windows 11', os.arch: 'amd64', os.version: '10.0', java.version: '21.0.5'
Driver info: org.openqa.selenium.chrome.ChromeDriver
Command: [ebd89b0277f0e7f304c368caf7d95599, findElement {value=//div[text()='View all offers'], using=xpath}]
Capabilities {acceptInsecureCerts: false, browserName: chrome, browserVersion: 134.0.6998.36, chrome: {chromedriverVersion: 134.0.6998.165 (fd886e2cb29..., userDataDir: C:\windows\SystemTemp\scope...}, fedcm:accounts: true, goog:chromeOptions: {debuggerAddress: localhost:58177}, networkConnectionEnabled: false, pageLoadStrategy: normal, platformName: windows, proxy: Proxy(), se:cdp: ws://localhost:58177/devtoo..., se:cdpVersion: 134.0.6998.36, setWindowRect: true, strictFileInteractability: false, timeouts: {implicit: 0, pageLoad: 300000, script: 30000}, unhandledPromptBehavior: dismiss and notify, webauthn:extension:credBlob: true, webauthn:extension:largeBlob: true, webauthn:extension:minPinLength: true, webauthn:extension:prf: true, webauthn:virtualAuthenticators: true}
Session ID: ebd89b0277f0e7f304c368caf7d95599]]>
            </message>
            <full-stacktrace>
              <![CDATA[org.openqa.selenium.NoSuchElementException: no such element: Unable to locate element: {"method":"xpath","selector":"//div[text()='View all offers']"}
  (Session info: chrome=134.0.6998.36)
For documentation on this error, please visit: https://www.selenium.dev/documentation/webdriver/troubleshooting/errors#no-such-element-exception
Build info: version: '4.28.1', revision: '73f5ad48a2'
System info: os.name: 'Windows 11', os.arch: 'amd64', os.version: '10.0', java.version: '21.0.5'
Driver info: org.openqa.selenium.chrome.ChromeDriver
Command: [ebd89b0277f0e7f304c368caf7d95599, findElement {value=//div[text()='View all offers'], using=xpath}]
Capabilities {acceptInsecureCerts: false, browserName: chrome, browserVersion: 134.0.6998.36, chrome: {chromedriverVersion: 134.0.6998.165 (fd886e2cb29..., userDataDir: C:\windows\SystemTemp\scope...}, fedcm:accounts: true, goog:chromeOptions: {debuggerAddress: localhost:58177}, networkConnectionEnabled: false, pageLoadStrategy: normal, platformName: windows, proxy: Proxy(), se:cdp: ws://localhost:58177/devtoo..., se:cdpVersion: 134.0.6998.36, setWindowRect: true, strictFileInteractability: false, timeouts: {implicit: 0, pageLoad: 300000, script: 30000}, unhandledPromptBehavior: dismiss and notify, webauthn:extension:credBlob: true, webauthn:extension:largeBlob: true, webauthn:extension:minPinLength: true, webauthn:extension:prf: true, webauthn:virtualAuthenticators: true}
Session ID: ebd89b0277f0e7f304c368caf7d95599
at java.base/jdk.internal.reflect.DirectConstructorHandleAccessor.newInstance(DirectConstructorHandleAccessor.java:62)
at java.base/java.lang.reflect.Constructor.newInstanceWithCaller(Constructor.java:502)
at java.base/java.lang.reflect.Constructor.newInstance(Constructor.java:486)
at org.openqa.selenium.remote.ErrorCodec.decode(ErrorCodec.java:167)
at org.openqa.selenium.remote.codec.w3c.W3CHttpResponseCodec.decode(W3CHttpResponseCodec.java:138)
at org.openqa.selenium.remote.codec.w3c.W3CHttpResponseCodec.decode(W3CHttpResponseCodec.java:50)
at org.openqa.selenium.remote.HttpCommandExecutor.execute(HttpCommandExecutor.java:215)
at org.openqa.selenium.remote.service.DriverCommandExecutor.invokeExecute(DriverCommandExecutor.java:216)
at org.openqa.selenium.remote.service.DriverCommandExecutor.execute(DriverCommandExecutor.java:174)
at org.openqa.selenium.remote.RemoteWebDriver.execute(RemoteWebDriver.java:545)
at org.openqa.selenium.remote.ElementLocation$ElementFinder$2.findElement(ElementLocation.java:165)
at org.openqa.selenium.remote.ElementLocation.findElement(ElementLocation.java:59)
at org.openqa.selenium.remote.RemoteWebDriver.findElement(RemoteWebDriver.java:368)
at org.openqa.selenium.remote.RemoteWebDriver.findElement(RemoteWebDriver.java:362)
at TripPackageAutomation.Implementation.clickOffers(Implementation.java:48)
at java.base/jdk.internal.reflect.DirectMethodHandleAccessor.invoke(DirectMethodHandleAccessor.java:103)
at java.base/java.lang.reflect.Method.invoke(Method.java:580)
at org.testng.internal.invokers.MethodInvocationHelper.invokeMethod(MethodInvocationHelper.java:139)
at org.testng.internal.invokers.TestInvoker.invokeMethod(TestInvoker.java:677)
at org.testng.internal.invokers.TestInvoker.invokeTestMethod(TestInvoker.java:221)
at org.testng.internal.invokers.MethodRunner.runInSequence(MethodRunner.java:50)
at org.testng.internal.invokers.TestInvoker$MethodInvocationAgent.invoke(TestInvoker.java:969)
at org.testng.internal.invokers.TestInvoker.invokeTestMethods(TestInvoker.java:194)
at org.testng.internal.invokers.TestMethodWorker.invokeTestMethods(TestMethodWorker.java:148)
at org.testng.internal.invokers.TestMethodWorker.run(TestMethodWorker.java:128)
at java.base/java.util.ArrayList.forEach(ArrayList.java:1596)
at org.testng.TestRunner.privateRun(TestRunner.java:829)
at org.testng.TestRunner.run(TestRunner.java:602)
at org.testng.SuiteRunner.runTest(SuiteRunner.java:437)
at org.testng.SuiteRunner.runSequentially(SuiteRunner.java:431)
at org.testng.SuiteRunner.privateRun(SuiteRunner.java:391)
at org.testng.SuiteRunner.run(SuiteRunner.java:330)
at org.testng.SuiteRunnerWorker.runSuite(SuiteRunnerWorker.java:52)
at org.testng.SuiteRunnerWorker.run(SuiteRunnerWorker.java:95)
at org.testng.TestNG.runSuitesSequentially(TestNG.java:1256)
at org.testng.TestNG.runSuitesLocally(TestNG.java:1176)
at org.testng.TestNG.runSuites(TestNG.java:1099)
at org.testng.TestNG.run(TestNG.java:1067)
at org.testng.remote.AbstractRemoteTestNG.run(AbstractRemoteTestNG.java:115)
at org.testng.remote.RemoteTestNG.initAndRun(RemoteTestNG.java:251)
at org.testng.remote.RemoteTestNG.main(RemoteTestNG.java:77)
]]>
            </full-stacktrace>
          </exception> <!-- org.openqa.selenium.NoSuchElementException -->
          <reporter-output>
          </reporter-output>
        </test-method> <!-- clickOffers -->
        <test-method signature="verifyOfferPageTitle()[pri:1, instance:TripPackageAutomation.Implementation@42a48628]" started-at="2025-04-16T19:52:11 IST" name="verifyOfferPageTitle" finished-at="2025-04-16T19:52:11 IST" depends-on-methods="TripPackageAutomation.Implementation.clickOffers" duration-ms="0" status="SKIP">
          <exception class="java.lang.Throwable">
            <message>
              <![CDATA[Method TripPackageAutomation.Implementation.verifyOfferPageTitle() on instance TripPackageAutomation.Implementation@42a48628 depends on not successfully finished methods 
[TripPackageAutomation.Implementation.clickOffers() on instance TripPackageAutomation.Implementation@42a48628]]]>
            </message>
            <full-stacktrace>
              <![CDATA[java.lang.Throwable: Method TripPackageAutomation.Implementation.verifyOfferPageTitle() on instance TripPackageAutomation.Implementation@42a48628 depends on not successfully finished methods 
[TripPackageAutomation.Implementation.clickOffers() on instance TripPackageAutomation.Implementation@42a48628]
at org.testng.internal.invokers.TestInvoker.invokeTestMethods(TestInvoker.java:150)
at org.testng.internal.invokers.TestMethodWorker.invokeTestMethods(TestMethodWorker.java:148)
at org.testng.internal.invokers.TestMethodWorker.run(TestMethodWorker.java:128)
at java.base/java.util.ArrayList.forEach(ArrayList.java:1596)
at org.testng.TestRunner.privateRun(TestRunner.java:829)
at org.testng.TestRunner.run(TestRunner.java:602)
at org.testng.SuiteRunner.runTest(SuiteRunner.java:437)
at org.testng.SuiteRunner.runSequentially(SuiteRunner.java:431)
at org.testng.SuiteRunner.privateRun(SuiteRunner.java:391)
at org.testng.SuiteRunner.run(SuiteRunner.java:330)
at org.testng.SuiteRunnerWorker.runSuite(SuiteRunnerWorker.java:52)
at org.testng.SuiteRunnerWorker.run(SuiteRunnerWorker.java:95)
at org.testng.TestNG.runSuitesSequentially(TestNG.java:1256)
at org.testng.TestNG.runSuitesLocally(TestNG.java:1176)
at org.testng.TestNG.runSuites(TestNG.java:1099)
at org.testng.TestNG.run(TestNG.java:1067)
at org.testng.remote.AbstractRemoteTestNG.run(AbstractRemoteTestNG.java:115)
at org.testng.remote.RemoteTestNG.initAndRun(RemoteTestNG.java:251)
at org.testng.remote.RemoteTestNG.main(RemoteTestNG.java:77)
]]>
            </full-stacktrace>
          </exception> <!-- java.lang.Throwable -->
          <reporter-output>
          </reporter-output>
        </test-method> <!-- verifyOfferPageTitle -->
        <test-method signature="verifyBannerVisibility()[pri:2, instance:TripPackageAutomation.Implementation@42a48628]" started-at="2025-04-16T19:52:11 IST" name="verifyBannerVisibility" finished-at="2025-04-16T19:52:11 IST" depends-on-methods="TripPackageAutomation.Implementation.clickOffers" duration-ms="0" status="SKIP">
          <exception class="java.lang.Throwable">
            <message>
              <![CDATA[Method TripPackageAutomation.Implementation.verifyBannerVisibility() on instance TripPackageAutomation.Implementation@42a48628 depends on not successfully finished methods 
[TripPackageAutomation.Implementation.clickOffers() on instance TripPackageAutomation.Implementation@42a48628]]]>
            </message>
            <full-stacktrace>
              <![CDATA[java.lang.Throwable: Method TripPackageAutomation.Implementation.verifyBannerVisibility() on instance TripPackageAutomation.Implementation@42a48628 depends on not successfully finished methods 
[TripPackageAutomation.Implementation.clickOffers() on instance TripPackageAutomation.Implementation@42a48628]
at org.testng.internal.invokers.TestInvoker.invokeTestMethods(TestInvoker.java:150)
at org.testng.internal.invokers.TestMethodWorker.invokeTestMethods(TestMethodWorker.java:148)
at org.testng.internal.invokers.TestMethodWorker.run(TestMethodWorker.java:128)
at java.base/java.util.ArrayList.forEach(ArrayList.java:1596)
at org.testng.TestRunner.privateRun(TestRunner.java:829)
at org.testng.TestRunner.run(TestRunner.java:602)
at org.testng.SuiteRunner.runTest(SuiteRunner.java:437)
at org.testng.SuiteRunner.runSequentially(SuiteRunner.java:431)
at org.testng.SuiteRunner.privateRun(SuiteRunner.java:391)
at org.testng.SuiteRunner.run(SuiteRunner.java:330)
at org.testng.SuiteRunnerWorker.runSuite(SuiteRunnerWorker.java:52)
at org.testng.SuiteRunnerWorker.run(SuiteRunnerWorker.java:95)
at org.testng.TestNG.runSuitesSequentially(TestNG.java:1256)
at org.testng.TestNG.runSuitesLocally(TestNG.java:1176)
at org.testng.TestNG.runSuites(TestNG.java:1099)
at org.testng.TestNG.run(TestNG.java:1067)
at org.testng.remote.AbstractRemoteTestNG.run(AbstractRemoteTestNG.java:115)
at org.testng.remote.RemoteTestNG.initAndRun(RemoteTestNG.java:251)
at org.testng.remote.RemoteTestNG.main(RemoteTestNG.java:77)
]]>
            </full-stacktrace>
          </exception> <!-- java.lang.Throwable -->
          <reporter-output>
          </reporter-output>
        </test-method> <!-- verifyBannerVisibility -->
        <test-method signature="verifyBannerText()[pri:3, instance:TripPackageAutomation.Implementation@42a48628]" started-at="2025-04-16T19:52:11 IST" name="verifyBannerText" finished-at="2025-04-16T19:52:11 IST" depends-on-methods="TripPackageAutomation.Implementation.clickOffers" duration-ms="0" status="SKIP">
          <exception class="java.lang.Throwable">
            <message>
              <![CDATA[Method TripPackageAutomation.Implementation.verifyBannerText() on instance TripPackageAutomation.Implementation@42a48628 depends on not successfully finished methods 
[TripPackageAutomation.Implementation.clickOffers() on instance TripPackageAutomation.Implementation@42a48628]]]>
            </message>
            <full-stacktrace>
              <![CDATA[java.lang.Throwable: Method TripPackageAutomation.Implementation.verifyBannerText() on instance TripPackageAutomation.Implementation@42a48628 depends on not successfully finished methods 
[TripPackageAutomation.Implementation.clickOffers() on instance TripPackageAutomation.Implementation@42a48628]
at org.testng.internal.invokers.TestInvoker.invokeTestMethods(TestInvoker.java:150)
at org.testng.internal.invokers.TestMethodWorker.invokeTestMethods(TestMethodWorker.java:148)
at org.testng.internal.invokers.TestMethodWorker.run(TestMethodWorker.java:128)
at java.base/java.util.ArrayList.forEach(ArrayList.java:1596)
at org.testng.TestRunner.privateRun(TestRunner.java:829)
at org.testng.TestRunner.run(TestRunner.java:602)
at org.testng.SuiteRunner.runTest(SuiteRunner.java:437)
at org.testng.SuiteRunner.runSequentially(SuiteRunner.java:431)
at org.testng.SuiteRunner.privateRun(SuiteRunner.java:391)
at org.testng.SuiteRunner.run(SuiteRunner.java:330)
at org.testng.SuiteRunnerWorker.runSuite(SuiteRunnerWorker.java:52)
at org.testng.SuiteRunnerWorker.run(SuiteRunnerWorker.java:95)
at org.testng.TestNG.runSuitesSequentially(TestNG.java:1256)
at org.testng.TestNG.runSuitesLocally(TestNG.java:1176)
at org.testng.TestNG.runSuites(TestNG.java:1099)
at org.testng.TestNG.run(TestNG.java:1067)
at org.testng.remote.AbstractRemoteTestNG.run(AbstractRemoteTestNG.java:115)
at org.testng.remote.RemoteTestNG.initAndRun(RemoteTestNG.java:251)
at org.testng.remote.RemoteTestNG.main(RemoteTestNG.java:77)
]]>
            </full-stacktrace>
          </exception> <!-- java.lang.Throwable -->
          <reporter-output>
          </reporter-output>
        </test-method> <!-- verifyBannerText -->
        <test-method signature="navigateHolidaysTab()[pri:4, instance:TripPackageAutomation.Implementation@42a48628]" started-at="2025-04-16T19:52:11 IST" name="navigateHolidaysTab" finished-at="2025-04-16T19:52:11 IST" depends-on-methods="TripPackageAutomation.Implementation.clickOffers" duration-ms="0" status="SKIP">
          <exception class="java.lang.Throwable">
            <message>
              <![CDATA[Method TripPackageAutomation.Implementation.navigateHolidaysTab() on instance TripPackageAutomation.Implementation@42a48628 depends on not successfully finished methods 
[TripPackageAutomation.Implementation.clickOffers() on instance TripPackageAutomation.Implementation@42a48628]]]>
            </message>
            <full-stacktrace>
              <![CDATA[java.lang.Throwable: Method TripPackageAutomation.Implementation.navigateHolidaysTab() on instance TripPackageAutomation.Implementation@42a48628 depends on not successfully finished methods 
[TripPackageAutomation.Implementation.clickOffers() on instance TripPackageAutomation.Implementation@42a48628]
at org.testng.internal.invokers.TestInvoker.invokeTestMethods(TestInvoker.java:150)
at org.testng.internal.invokers.TestMethodWorker.invokeTestMethods(TestMethodWorker.java:148)
at org.testng.internal.invokers.TestMethodWorker.run(TestMethodWorker.java:128)
at java.base/java.util.ArrayList.forEach(ArrayList.java:1596)
at org.testng.TestRunner.privateRun(TestRunner.java:829)
at org.testng.TestRunner.run(TestRunner.java:602)
at org.testng.SuiteRunner.runTest(SuiteRunner.java:437)
at org.testng.SuiteRunner.runSequentially(SuiteRunner.java:431)
at org.testng.SuiteRunner.privateRun(SuiteRunner.java:391)
at org.testng.SuiteRunner.run(SuiteRunner.java:330)
at org.testng.SuiteRunnerWorker.runSuite(SuiteRunnerWorker.java:52)
at org.testng.SuiteRunnerWorker.run(SuiteRunnerWorker.java:95)
at org.testng.TestNG.runSuitesSequentially(TestNG.java:1256)
at org.testng.TestNG.runSuitesLocally(TestNG.java:1176)
at org.testng.TestNG.runSuites(TestNG.java:1099)
at org.testng.TestNG.run(TestNG.java:1067)
at org.testng.remote.AbstractRemoteTestNG.run(AbstractRemoteTestNG.java:115)
at org.testng.remote.RemoteTestNG.initAndRun(RemoteTestNG.java:251)
at org.testng.remote.RemoteTestNG.main(RemoteTestNG.java:77)
]]>
            </full-stacktrace>
          </exception> <!-- java.lang.Throwable -->
          <reporter-output>
          </reporter-output>
        </test-method> <!-- navigateHolidaysTab -->
        <test-method signature="clickHolidayPackages()[pri:0, instance:TripPackageAutomation.Implementation@42a48628]" started-at="2025-04-16T19:52:11 IST" name="clickHolidayPackages" finished-at="2025-04-16T19:52:11 IST" depends-on-methods="TripPackageAutomation.Implementation.navigateHolidaysTab" duration-ms="0" status="SKIP">
          <exception class="java.lang.Throwable">
            <message>
              <![CDATA[Method TripPackageAutomation.Implementation.clickHolidayPackages() on instance TripPackageAutomation.Implementation@42a48628 depends on not successfully finished methods 
[TripPackageAutomation.Implementation.navigateHolidaysTab() on instance TripPackageAutomation.Implementation@42a48628]]]>
            </message>
            <full-stacktrace>
              <![CDATA[java.lang.Throwable: Method TripPackageAutomation.Implementation.clickHolidayPackages() on instance TripPackageAutomation.Implementation@42a48628 depends on not successfully finished methods 
[TripPackageAutomation.Implementation.navigateHolidaysTab() on instance TripPackageAutomation.Implementation@42a48628]
at org.testng.internal.invokers.TestInvoker.invokeTestMethods(TestInvoker.java:150)
at org.testng.internal.invokers.TestMethodWorker.invokeTestMethods(TestMethodWorker.java:148)
at org.testng.internal.invokers.TestMethodWorker.run(TestMethodWorker.java:128)
at java.base/java.util.ArrayList.forEach(ArrayList.java:1596)
at org.testng.TestRunner.privateRun(TestRunner.java:829)
at org.testng.TestRunner.run(TestRunner.java:602)
at org.testng.SuiteRunner.runTest(SuiteRunner.java:437)
at org.testng.SuiteRunner.runSequentially(SuiteRunner.java:431)
at org.testng.SuiteRunner.privateRun(SuiteRunner.java:391)
at org.testng.SuiteRunner.run(SuiteRunner.java:330)
at org.testng.SuiteRunnerWorker.runSuite(SuiteRunnerWorker.java:52)
at org.testng.SuiteRunnerWorker.run(SuiteRunnerWorker.java:95)
at org.testng.TestNG.runSuitesSequentially(TestNG.java:1256)
at org.testng.TestNG.runSuitesLocally(TestNG.java:1176)
at org.testng.TestNG.runSuites(TestNG.java:1099)
at org.testng.TestNG.run(TestNG.java:1067)
at org.testng.remote.AbstractRemoteTestNG.run(AbstractRemoteTestNG.java:115)
at org.testng.remote.RemoteTestNG.initAndRun(RemoteTestNG.java:251)
at org.testng.remote.RemoteTestNG.main(RemoteTestNG.java:77)
]]>
            </full-stacktrace>
          </exception> <!-- java.lang.Throwable -->
          <reporter-output>
          </reporter-output>
        </test-method> <!-- clickHolidayPackages -->
        <test-method signature="printPackagesWithPrices()[pri:0, instance:TripPackageAutomation.Implementation@42a48628]" started-at="2025-04-16T19:52:11 IST" name="printPackagesWithPrices" finished-at="2025-04-16T19:52:11 IST" depends-on-methods="TripPackageAutomation.Implementation.clickHolidayPackages" duration-ms="0" status="SKIP">
          <exception class="java.lang.Throwable">
            <message>
              <![CDATA[Method TripPackageAutomation.Implementation.printPackagesWithPrices() on instance TripPackageAutomation.Implementation@42a48628 depends on not successfully finished methods 
[TripPackageAutomation.Implementation.clickHolidayPackages() on instance TripPackageAutomation.Implementation@42a48628]]]>
            </message>
            <full-stacktrace>
              <![CDATA[java.lang.Throwable: Method TripPackageAutomation.Implementation.printPackagesWithPrices() on instance TripPackageAutomation.Implementation@42a48628 depends on not successfully finished methods 
[TripPackageAutomation.Implementation.clickHolidayPackages() on instance TripPackageAutomation.Implementation@42a48628]
at org.testng.internal.invokers.TestInvoker.invokeTestMethods(TestInvoker.java:150)
at org.testng.internal.invokers.TestMethodWorker.invokeTestMethods(TestMethodWorker.java:148)
at org.testng.internal.invokers.TestMethodWorker.run(TestMethodWorker.java:128)
at java.base/java.util.ArrayList.forEach(ArrayList.java:1596)
at org.testng.TestRunner.privateRun(TestRunner.java:829)
at org.testng.TestRunner.run(TestRunner.java:602)
at org.testng.SuiteRunner.runTest(SuiteRunner.java:437)
at org.testng.SuiteRunner.runSequentially(SuiteRunner.java:431)
at org.testng.SuiteRunner.privateRun(SuiteRunner.java:391)
at org.testng.SuiteRunner.run(SuiteRunner.java:330)
at org.testng.SuiteRunnerWorker.runSuite(SuiteRunnerWorker.java:52)
at org.testng.SuiteRunnerWorker.run(SuiteRunnerWorker.java:95)
at org.testng.TestNG.runSuitesSequentially(TestNG.java:1256)
at org.testng.TestNG.runSuitesLocally(TestNG.java:1176)
at org.testng.TestNG.runSuites(TestNG.java:1099)
at org.testng.TestNG.run(TestNG.java:1067)
at org.testng.remote.AbstractRemoteTestNG.run(AbstractRemoteTestNG.java:115)
at org.testng.remote.RemoteTestNG.initAndRun(RemoteTestNG.java:251)
at org.testng.remote.RemoteTestNG.main(RemoteTestNG.java:77)
]]>
            </full-stacktrace>
          </exception> <!-- java.lang.Throwable -->
          <reporter-output>
          </reporter-output>
        </test-method> <!-- printPackagesWithPrices -->
        <test-method is-config="true" signature="tearDown()[pri:0, instance:TripPackageAutomation.Implementation@42a48628]" started-at="2025-04-16T19:52:11 IST" name="tearDown" finished-at="2025-04-16T19:52:14 IST" duration-ms="2273" status="PASS">
          <reporter-output>
          </reporter-output>
        </test-method> <!-- tearDown -->
      </class> <!-- TripPackageAutomation.Implementation -->
    </test> <!-- Default test -->
  </suite> <!-- Default suite -->
</testng-results>
